>peach -1 --debug example.xml

[*] Test 'Default' starting with random seed 5090.
Peach.Core.Agent.Agent StartMonitor: Monitor WindowsDebugger
Peach.Core.Agent.Agent StartMonitor: Monitor_1 PageHeap
Peach.Core.Agent.Agent SessionStarting: Monitor
Peach.Core.Agent.Monitors.WindowsDebuggerHybrid SessionStarting
Peach.Core.Agent.Agent SessionStarting: Monitor_1

[R1,-,-] Performing iteration
Peach.Core.Engine runTest: Performing recording iteration.
Peach.Core.Dom.Action Run: Adding action to controlRecordingActionsExecuted
Peach.Core.Dom.Action ActionType.Output
Peach.Core.Publishers.FilePublisher start()
Peach.Core.Publishers.FilePublisher open()
Peach.Core.Publishers.FilePublisher output(32 bytes)
Peach.Core.Dom.Action Run: Adding action to controlRecordingActionsExecuted
Peach.Core.Dom.Action ActionType.Close
Peach.Core.Publishers.FilePublisher close()
Peach.Core.Dom.Action Run: Adding action to controlRecordingActionsExecuted
Peach.Core.Dom.Action ActionType.Call
Peach.Core.Agent.AgentManager Message: Action.Call => launchProgram
Peach.Core.Agent.Monitors.WindowsDebuggerHybrid _StopDebugger
Peach.Core.Agent.Monitors.WindowsDebuggerHybrid Cpu is idle, stopping process.
Peach.Core.Agent.Monitors.WindowsDebuggerHybrid _StopDebugger
Peach.Core.Agent.Monitors.WindowsDebuggerHybrid DetectedFault()
Peach.Core.Agent.Monitors.WindowsDebuggerHybrid DetectedFault() - No fault detected
Peach.Core.Engine runTest: context.config.singleIteration == true
Peach.Core.Publishers.FilePublisher stop()
Peach.Core.Agent.Agent SessionFinished: Monitor_1
Peach.Core.Agent.Agent SessionFinished: Monitor
Peach.Core.Agent.Monitors.WindowsDebuggerHybrid SessionFinished
Peach.Core.Agent.Monitors.WindowsDebuggerHybrid _StopDebugger
Peach.Core.Agent.Monitors.WindowsDebuggerHybrid _FinishDebugger
Peach.Core.Agent.Monitors.WindowsDebuggerHybrid _StopDebugger
Peach.Core.Agent.Monitors.WindowsDebuggerHybrid _StopDebugger
Peach.Core.Agent.Monitors.WindowsDebuggerHybrid _FinishDebugger
Peach.Core.Agent.Monitors.WindowsDebuggerHybrid _StopDebugger

[*] Test 'Default' finished.
